[0.118s] DEBUG:colcon:Command line arguments: ['/usr/bin/colcon', 'build', '--symlink-install']
[0.118s] DEBUG:colcon:Parsed command line arguments: Namespace(log_base=None, log_level=None, verb_name='build', build_base='build', install_base='install', merge_install=False, symlink_install=True, test_result_base=None, continue_on_error=False, executor='parallel', parallel_workers=8, event_handlers=None, ignore_user_meta=False, metas=['./colcon.meta'], base_paths=['.'], packages_ignore=None, packages_ignore_regex=None, paths=None, packages_up_to=None, packages_up_to_regex=None, packages_above=None, packages_above_and_dependencies=None, packages_above_depth=None, packages_select_by_dep=None, packages_skip_by_dep=None, packages_skip_up_to=None, packages_select_build_failed=False, packages_skip_build_finished=False, packages_select_test_failures=False, packages_skip_test_passed=False, packages_select=None, packages_skip=None, packages_select_regex=None, packages_skip_regex=None, packages_start=None, packages_end=None, allow_overriding=[], cmake_args=None, cmake_target=None, cmake_target_skip_unavailable=False, cmake_clean_cache=False, cmake_clean_first=False, cmake_force_configure=False, ament_cmake_args=None, catkin_cmake_args=None, catkin_skip_building_tests=False, mixin_files=None, mixin=None, verb_parser=<colcon_mixin.mixin.mixin_argument.MixinArgumentDecorator object at 0x7e8f8b377c20>, verb_extension=<colcon_core.verb.build.BuildVerb object at 0x7e8f8b349580>, main=<bound method BuildVerb.main of <colcon_core.verb.build.BuildVerb object at 0x7e8f8b349580>>, mixin_verb=('build',))
[0.154s] Level 1:colcon.colcon_core.package_discovery:discover_packages(colcon_meta) check parameters
[0.154s] Level 1:colcon.colcon_core.package_discovery:discover_packages(recursive) check parameters
[0.154s] Level 1:colcon.colcon_core.package_discovery:discover_packages(ignore) check parameters
[0.154s] Level 1:colcon.colcon_core.package_discovery:discover_packages(path) check parameters
[0.154s] Level 1:colcon.colcon_core.package_discovery:discover_packages(colcon_meta) discover
[0.154s] Level 1:colcon.colcon_core.package_discovery:discover_packages(recursive) discover
[0.154s] INFO:colcon.colcon_core.package_discovery:Crawling recursively for packages in '/home/ahmrrzz/tubes_sekuro_ws'
[0.154s] Level 1:colcon.colcon_core.package_identification:_identify(.) by extensions ['ignore', 'ignore_ament_install']
[0.155s] Level 1:colcon.colcon_core.package_identification:_identify(.) by extension 'ignore'
[0.155s] Level 1:colcon.colcon_core.package_identification:_identify(.) by extension 'ignore_ament_install'
[0.155s] Level 1:colcon.colcon_core.package_identification:_identify(.) by extensions ['colcon_pkg']
[0.155s] Level 1:colcon.colcon_core.package_identification:_identify(.) by extension 'colcon_pkg'
[0.155s] Level 1:colcon.colcon_core.package_identification:_identify(.) by extensions ['colcon_meta']
[0.155s] Level 1:colcon.colcon_core.package_identification:_identify(.) by extension 'colcon_meta'
[0.155s] Level 1:colcon.colcon_core.package_identification:_identify(.) by extensions ['ros']
[0.155s] Level 1:colcon.colcon_core.package_identification:_identify(.) by extension 'ros'
[0.178s] Level 1:colcon.colcon_core.package_identification:_identify(.) by extensions ['cmake', 'python']
[0.179s] Level 1:colcon.colcon_core.package_identification:_identify(.) by extension 'cmake'
[0.179s] Level 1:colcon.colcon_core.package_identification:_identify(.) by extension 'python'
[0.179s] Level 1:colcon.colcon_core.package_identification:_identify(.) by extensions ['python_setup_py']
[0.179s] Level 1:colcon.colcon_core.package_identification:_identify(.) by extension 'python_setup_py'
[0.179s] Level 1:colcon.colcon_core.package_identification:_identify(build) by extensions ['ignore', 'ignore_ament_install']
[0.179s] Level 1:colcon.colcon_core.package_identification:_identify(build) by extension 'ignore'
[0.179s] Level 1:colcon.colcon_core.package_identification:_identify(build) ignored
[0.179s] Level 1:colcon.colcon_core.package_identification:_identify(install) by extensions ['ignore', 'ignore_ament_install']
[0.179s] Level 1:colcon.colcon_core.package_identification:_identify(install) by extension 'ignore'
[0.179s] Level 1:colcon.colcon_core.package_identification:_identify(install) ignored
[0.179s] Level 1:colcon.colcon_core.package_identification:_identify(log) by extensions ['ignore', 'ignore_ament_install']
[0.180s] Level 1:colcon.colcon_core.package_identification:_identify(log) by extension 'ignore'
[0.180s] Level 1:colcon.colcon_core.package_identification:_identify(log) ignored
[0.180s] Level 1:colcon.colcon_core.package_identification:_identify(src) by extensions ['ignore', 'ignore_ament_install']
[0.180s] Level 1:colcon.colcon_core.package_identification:_identify(src) by extension 'ignore'
[0.180s] Level 1:colcon.colcon_core.package_identification:_identify(src) by extension 'ignore_ament_install'
[0.180s] Level 1:colcon.colcon_core.package_identification:_identify(src) by extensions ['colcon_pkg']
[0.180s] Level 1:colcon.colcon_core.package_identification:_identify(src) by extension 'colcon_pkg'
[0.180s] Level 1:colcon.colcon_core.package_identification:_identify(src) by extensions ['colcon_meta']
[0.180s] Level 1:colcon.colcon_core.package_identification:_identify(src) by extension 'colcon_meta'
[0.180s] Level 1:colcon.colcon_core.package_identification:_identify(src) by extensions ['ros']
[0.180s] Level 1:colcon.colcon_core.package_identification:_identify(src) by extension 'ros'
[0.180s] Level 1:colcon.colcon_core.package_identification:_identify(src) by extensions ['cmake', 'python']
[0.180s] Level 1:colcon.colcon_core.package_identification:_identify(src) by extension 'cmake'
[0.180s] Level 1:colcon.colcon_core.package_identification:_identify(src) by extension 'python'
[0.180s] Level 1:colcon.colcon_core.package_identification:_identify(src) by extensions ['python_setup_py']
[0.180s] Level 1:colcon.colcon_core.package_identification:_identify(src) by extension 'python_setup_py'
[0.180s] Level 1:colcon.colcon_core.package_identification:_identify(src/gazebo_ros_pkgs) by extensions ['ignore', 'ignore_ament_install']
[0.180s] Level 1:colcon.colcon_core.package_identification:_identify(src/gazebo_ros_pkgs) by extension 'ignore'
[0.180s] Level 1:colcon.colcon_core.package_identification:_identify(src/gazebo_ros_pkgs) by extension 'ignore_ament_install'
[0.180s] Level 1:colcon.colcon_core.package_identification:_identify(src/gazebo_ros_pkgs) by extensions ['colcon_pkg']
[0.180s] Level 1:colcon.colcon_core.package_identification:_identify(src/gazebo_ros_pkgs) by extension 'colcon_pkg'
[0.180s] Level 1:colcon.colcon_core.package_identification:_identify(src/gazebo_ros_pkgs) by extensions ['colcon_meta']
[0.181s] Level 1:colcon.colcon_core.package_identification:_identify(src/gazebo_ros_pkgs) by extension 'colcon_meta'
[0.181s] Level 1:colcon.colcon_core.package_identification:_identify(src/gazebo_ros_pkgs) by extensions ['ros']
[0.181s] Level 1:colcon.colcon_core.package_identification:_identify(src/gazebo_ros_pkgs) by extension 'ros'
[0.181s] Level 1:colcon.colcon_core.package_identification:_identify(src/gazebo_ros_pkgs) by extensions ['cmake', 'python']
[0.181s] Level 1:colcon.colcon_core.package_identification:_identify(src/gazebo_ros_pkgs) by extension 'cmake'
[0.181s] Level 1:colcon.colcon_core.package_identification:_identify(src/gazebo_ros_pkgs) by extension 'python'
[0.181s] Level 1:colcon.colcon_core.package_identification:_identify(src/gazebo_ros_pkgs) by extensions ['python_setup_py']
[0.181s] Level 1:colcon.colcon_core.package_identification:_identify(src/gazebo_ros_pkgs) by extension 'python_setup_py'
[0.181s] Level 1:colcon.colcon_core.package_identification:_identify(src/gazebo_ros_pkgs/gazebo_dev) by extensions ['ignore', 'ignore_ament_install']
[0.181s] Level 1:colcon.colcon_core.package_identification:_identify(src/gazebo_ros_pkgs/gazebo_dev) by extension 'ignore'
[0.181s] Level 1:colcon.colcon_core.package_identification:_identify(src/gazebo_ros_pkgs/gazebo_dev) by extension 'ignore_ament_install'
[0.181s] Level 1:colcon.colcon_core.package_identification:_identify(src/gazebo_ros_pkgs/gazebo_dev) by extensions ['colcon_pkg']
[0.181s] Level 1:colcon.colcon_core.package_identification:_identify(src/gazebo_ros_pkgs/gazebo_dev) by extension 'colcon_pkg'
[0.182s] Level 1:colcon.colcon_core.package_identification:_identify(src/gazebo_ros_pkgs/gazebo_dev) by extensions ['colcon_meta']
[0.182s] Level 1:colcon.colcon_core.package_identification:_identify(src/gazebo_ros_pkgs/gazebo_dev) by extension 'colcon_meta'
[0.182s] Level 1:colcon.colcon_core.package_identification:_identify(src/gazebo_ros_pkgs/gazebo_dev) by extensions ['ros']
[0.182s] Level 1:colcon.colcon_core.package_identification:_identify(src/gazebo_ros_pkgs/gazebo_dev) by extension 'ros'
[0.184s] DEBUG:colcon.colcon_core.package_identification:Package 'src/gazebo_ros_pkgs/gazebo_dev' with type 'ros.catkin' and name 'gazebo_dev'
[0.184s] Level 1:colcon.colcon_core.package_identification:_identify(src/gazebo_ros_pkgs/gazebo_msgs) by extensions ['ignore', 'ignore_ament_install']
[0.184s] Level 1:colcon.colcon_core.package_identification:_identify(src/gazebo_ros_pkgs/gazebo_msgs) by extension 'ignore'
[0.184s] Level 1:colcon.colcon_core.package_identification:_identify(src/gazebo_ros_pkgs/gazebo_msgs) by extension 'ignore_ament_install'
[0.184s] Level 1:colcon.colcon_core.package_identification:_identify(src/gazebo_ros_pkgs/gazebo_msgs) by extensions ['colcon_pkg']
[0.185s] Level 1:colcon.colcon_core.package_identification:_identify(src/gazebo_ros_pkgs/gazebo_msgs) by extension 'colcon_pkg'
[0.185s] Level 1:colcon.colcon_core.package_identification:_identify(src/gazebo_ros_pkgs/gazebo_msgs) by extensions ['colcon_meta']
[0.185s] Level 1:colcon.colcon_core.package_identification:_identify(src/gazebo_ros_pkgs/gazebo_msgs) by extension 'colcon_meta'
[0.185s] Level 1:colcon.colcon_core.package_identification:_identify(src/gazebo_ros_pkgs/gazebo_msgs) by extensions ['ros']
[0.185s] Level 1:colcon.colcon_core.package_identification:_identify(src/gazebo_ros_pkgs/gazebo_msgs) by extension 'ros'
[0.185s] DEBUG:colcon.colcon_core.package_identification:Package 'src/gazebo_ros_pkgs/gazebo_msgs' with type 'ros.catkin' and name 'gazebo_msgs'
[0.185s] Level 1:colcon.colcon_core.package_identification:_identify(src/gazebo_ros_pkgs/gazebo_plugins) by extensions ['ignore', 'ignore_ament_install']
[0.185s] Level 1:colcon.colcon_core.package_identification:_identify(src/gazebo_ros_pkgs/gazebo_plugins) by extension 'ignore'
[0.185s] Level 1:colcon.colcon_core.package_identification:_identify(src/gazebo_ros_pkgs/gazebo_plugins) by extension 'ignore_ament_install'
[0.186s] Level 1:colcon.colcon_core.package_identification:_identify(src/gazebo_ros_pkgs/gazebo_plugins) by extensions ['colcon_pkg']
[0.186s] Level 1:colcon.colcon_core.package_identification:_identify(src/gazebo_ros_pkgs/gazebo_plugins) by extension 'colcon_pkg'
[0.186s] Level 1:colcon.colcon_core.package_identification:_identify(src/gazebo_ros_pkgs/gazebo_plugins) by extensions ['colcon_meta']
[0.186s] Level 1:colcon.colcon_core.package_identification:_identify(src/gazebo_ros_pkgs/gazebo_plugins) by extension 'colcon_meta'
[0.186s] Level 1:colcon.colcon_core.package_identification:_identify(src/gazebo_ros_pkgs/gazebo_plugins) by extensions ['ros']
[0.186s] Level 1:colcon.colcon_core.package_identification:_identify(src/gazebo_ros_pkgs/gazebo_plugins) by extension 'ros'
[0.188s] DEBUG:colcon.colcon_core.package_identification:Package 'src/gazebo_ros_pkgs/gazebo_plugins' with type 'ros.catkin' and name 'gazebo_plugins'
[0.188s] Level 1:colcon.colcon_core.package_identification:_identify(src/gazebo_ros_pkgs/gazebo_ros) by extensions ['ignore', 'ignore_ament_install']
[0.188s] Level 1:colcon.colcon_core.package_identification:_identify(src/gazebo_ros_pkgs/gazebo_ros) by extension 'ignore'
[0.188s] Level 1:colcon.colcon_core.package_identification:_identify(src/gazebo_ros_pkgs/gazebo_ros) by extension 'ignore_ament_install'
[0.188s] Level 1:colcon.colcon_core.package_identification:_identify(src/gazebo_ros_pkgs/gazebo_ros) by extensions ['colcon_pkg']
[0.188s] Level 1:colcon.colcon_core.package_identification:_identify(src/gazebo_ros_pkgs/gazebo_ros) by extension 'colcon_pkg'
[0.189s] Level 1:colcon.colcon_core.package_identification:_identify(src/gazebo_ros_pkgs/gazebo_ros) by extensions ['colcon_meta']
[0.189s] Level 1:colcon.colcon_core.package_identification:_identify(src/gazebo_ros_pkgs/gazebo_ros) by extension 'colcon_meta'
[0.189s] Level 1:colcon.colcon_core.package_identification:_identify(src/gazebo_ros_pkgs/gazebo_ros) by extensions ['ros']
[0.189s] Level 1:colcon.colcon_core.package_identification:_identify(src/gazebo_ros_pkgs/gazebo_ros) by extension 'ros'
[0.190s] DEBUG:colcon.colcon_core.package_identification:Package 'src/gazebo_ros_pkgs/gazebo_ros' with type 'ros.catkin' and name 'gazebo_ros'
[0.190s] Level 1:colcon.colcon_core.package_identification:_identify(src/gazebo_ros_pkgs/gazebo_ros_control) by extensions ['ignore', 'ignore_ament_install']
[0.190s] Level 1:colcon.colcon_core.package_identification:_identify(src/gazebo_ros_pkgs/gazebo_ros_control) by extension 'ignore'
[0.190s] Level 1:colcon.colcon_core.package_identification:_identify(src/gazebo_ros_pkgs/gazebo_ros_control) by extension 'ignore_ament_install'
[0.190s] Level 1:colcon.colcon_core.package_identification:_identify(src/gazebo_ros_pkgs/gazebo_ros_control) by extensions ['colcon_pkg']
[0.190s] Level 1:colcon.colcon_core.package_identification:_identify(src/gazebo_ros_pkgs/gazebo_ros_control) by extension 'colcon_pkg'
[0.191s] Level 1:colcon.colcon_core.package_identification:_identify(src/gazebo_ros_pkgs/gazebo_ros_control) by extensions ['colcon_meta']
[0.191s] Level 1:colcon.colcon_core.package_identification:_identify(src/gazebo_ros_pkgs/gazebo_ros_control) by extension 'colcon_meta'
[0.191s] Level 1:colcon.colcon_core.package_identification:_identify(src/gazebo_ros_pkgs/gazebo_ros_control) by extensions ['ros']
[0.191s] Level 1:colcon.colcon_core.package_identification:_identify(src/gazebo_ros_pkgs/gazebo_ros_control) by extension 'ros'
[0.192s] DEBUG:colcon.colcon_core.package_identification:Package 'src/gazebo_ros_pkgs/gazebo_ros_control' with type 'ros.catkin' and name 'gazebo_ros_control'
[0.192s] Level 1:colcon.colcon_core.package_identification:_identify(src/gazebo_ros_pkgs/gazebo_ros_pkgs) by extensions ['ignore', 'ignore_ament_install']
[0.192s] Level 1:colcon.colcon_core.package_identification:_identify(src/gazebo_ros_pkgs/gazebo_ros_pkgs) by extension 'ignore'
[0.192s] Level 1:colcon.colcon_core.package_identification:_identify(src/gazebo_ros_pkgs/gazebo_ros_pkgs) by extension 'ignore_ament_install'
[0.192s] Level 1:colcon.colcon_core.package_identification:_identify(src/gazebo_ros_pkgs/gazebo_ros_pkgs) by extensions ['colcon_pkg']
[0.192s] Level 1:colcon.colcon_core.package_identification:_identify(src/gazebo_ros_pkgs/gazebo_ros_pkgs) by extension 'colcon_pkg'
[0.192s] Level 1:colcon.colcon_core.package_identification:_identify(src/gazebo_ros_pkgs/gazebo_ros_pkgs) by extensions ['colcon_meta']
[0.192s] Level 1:colcon.colcon_core.package_identification:_identify(src/gazebo_ros_pkgs/gazebo_ros_pkgs) by extension 'colcon_meta'
[0.192s] Level 1:colcon.colcon_core.package_identification:_identify(src/gazebo_ros_pkgs/gazebo_ros_pkgs) by extensions ['ros']
[0.192s] Level 1:colcon.colcon_core.package_identification:_identify(src/gazebo_ros_pkgs/gazebo_ros_pkgs) by extension 'ros'
[0.193s] DEBUG:colcon.colcon_core.package_identification:Package 'src/gazebo_ros_pkgs/gazebo_ros_pkgs' with type 'ros.catkin' and name 'gazebo_ros_pkgs'
[0.193s] Level 1:colcon.colcon_core.package_identification:_identify(src/my_robot) by extensions ['ignore', 'ignore_ament_install']
[0.193s] Level 1:colcon.colcon_core.package_identification:_identify(src/my_robot) by extension 'ignore'
[0.193s] Level 1:colcon.colcon_core.package_identification:_identify(src/my_robot) by extension 'ignore_ament_install'
[0.193s] Level 1:colcon.colcon_core.package_identification:_identify(src/my_robot) by extensions ['colcon_pkg']
[0.193s] Level 1:colcon.colcon_core.package_identification:_identify(src/my_robot) by extension 'colcon_pkg'
[0.193s] Level 1:colcon.colcon_core.package_identification:_identify(src/my_robot) by extensions ['colcon_meta']
[0.193s] Level 1:colcon.colcon_core.package_identification:_identify(src/my_robot) by extension 'colcon_meta'
[0.193s] Level 1:colcon.colcon_core.package_identification:_identify(src/my_robot) by extensions ['ros']
[0.193s] Level 1:colcon.colcon_core.package_identification:_identify(src/my_robot) by extension 'ros'
[0.194s] DEBUG:colcon.colcon_core.package_identification:Package 'src/my_robot' with type 'ros.ament_python' and name 'my_robot'
[0.194s] Level 1:colcon.colcon_core.package_identification:_identify(src/slam_toolbox) by extensions ['ignore', 'ignore_ament_install']
[0.194s] Level 1:colcon.colcon_core.package_identification:_identify(src/slam_toolbox) by extension 'ignore'
[0.194s] Level 1:colcon.colcon_core.package_identification:_identify(src/slam_toolbox) by extension 'ignore_ament_install'
[0.194s] Level 1:colcon.colcon_core.package_identification:_identify(src/slam_toolbox) by extensions ['colcon_pkg']
[0.194s] Level 1:colcon.colcon_core.package_identification:_identify(src/slam_toolbox) by extension 'colcon_pkg'
[0.194s] Level 1:colcon.colcon_core.package_identification:_identify(src/slam_toolbox) by extensions ['colcon_meta']
[0.194s] Level 1:colcon.colcon_core.package_identification:_identify(src/slam_toolbox) by extension 'colcon_meta'
[0.194s] Level 1:colcon.colcon_core.package_identification:_identify(src/slam_toolbox) by extensions ['ros']
[0.194s] Level 1:colcon.colcon_core.package_identification:_identify(src/slam_toolbox) by extension 'ros'
[0.196s] DEBUG:colcon.colcon_core.package_identification:Package 'src/slam_toolbox' with type 'ros.ament_cmake' and name 'slam_toolbox'
[0.196s] Level 1:colcon.colcon_core.package_discovery:discover_packages(recursive) using defaults
[0.196s] Level 1:colcon.colcon_core.package_discovery:discover_packages(ignore) discover
[0.196s] Level 1:colcon.colcon_core.package_discovery:discover_packages(ignore) using defaults
[0.196s] Level 1:colcon.colcon_core.package_discovery:discover_packages(path) discover
[0.196s] Level 1:colcon.colcon_core.package_discovery:discover_packages(path) using defaults
[0.211s] INFO:colcon.colcon_metadata.metadata.colcon_pkg:Updating descriptor of package 'src/gazebo_ros_pkgs/gazebo_plugins' from colcon.pkg: {'dependencies': ['Gazebo']}
[0.212s] INFO:colcon.colcon_metadata.metadata.colcon_pkg:Updating descriptor of package 'src/gazebo_ros_pkgs/gazebo_ros' from colcon.pkg: {'dependencies': ['Gazebo']}
[0.212s] INFO:colcon.colcon_metadata.metadata.colcon_pkg:Updating descriptor of package 'src/gazebo_ros_pkgs/gazebo_dev' from colcon.pkg: {'dependencies': ['Gazebo']}
[0.213s] INFO:colcon.colcon_metadata.metadata.colcon_pkg:Updating descriptor of package 'src/gazebo_ros_pkgs/gazebo_ros_control' from colcon.pkg: {'dependencies': ['Gazebo']}
[0.215s] Level 1:colcon.colcon_core.package_discovery:discover_packages(prefix_path) check parameters
[0.215s] Level 1:colcon.colcon_core.package_discovery:discover_packages(prefix_path) discover
[0.217s] DEBUG:colcon.colcon_installed_package_information.package_discovery:Found 3 installed packages in /home/ahmrrzz/tubes_sekuro_ws/install
[0.218s] DEBUG:colcon.colcon_installed_package_information.package_discovery:Found 285 installed packages in /opt/ros/jazzy
[0.220s] Level 1:colcon.colcon_core.package_discovery:discover_packages(prefix_path) using defaults
[0.253s] Level 5:colcon.colcon_core.verb:set package 'gazebo_dev' build argument 'cmake_args' from command line to 'None'
[0.253s] Level 5:colcon.colcon_core.verb:set package 'gazebo_dev' build argument 'cmake_target' from command line to 'None'
[0.253s] Level 5:colcon.colcon_core.verb:set package 'gazebo_dev' build argument 'cmake_target_skip_unavailable' from command line to 'False'
[0.253s] Level 5:colcon.colcon_core.verb:set package 'gazebo_dev' build argument 'cmake_clean_cache' from command line to 'False'
[0.253s] Level 5:colcon.colcon_core.verb:set package 'gazebo_dev' build argument 'cmake_clean_first' from command line to 'False'
[0.253s] Level 5:colcon.colcon_core.verb:set package 'gazebo_dev' build argument 'cmake_force_configure' from command line to 'False'
[0.253s] Level 5:colcon.colcon_core.verb:set package 'gazebo_dev' build argument 'ament_cmake_args' from command line to 'None'
[0.253s] Level 5:colcon.colcon_core.verb:set package 'gazebo_dev' build argument 'catkin_cmake_args' from command line to 'None'
[0.253s] Level 5:colcon.colcon_core.verb:set package 'gazebo_dev' build argument 'catkin_skip_building_tests' from command line to 'False'
[0.253s] DEBUG:colcon.colcon_core.verb:Building package 'gazebo_dev' with the following arguments: {'ament_cmake_args': None, 'build_base': '/home/ahmrrzz/tubes_sekuro_ws/build/gazebo_dev', 'catkin_cmake_args': None, 'catkin_skip_building_tests': False, 'cmake_args': None, 'cmake_clean_cache': False, 'cmake_clean_first': False, 'cmake_force_configure': False, 'cmake_target': None, 'cmake_target_skip_unavailable': False, 'install_base': '/home/ahmrrzz/tubes_sekuro_ws/install/gazebo_dev', 'merge_install': False, 'path': '/home/ahmrrzz/tubes_sekuro_ws/src/gazebo_ros_pkgs/gazebo_dev', 'symlink_install': True, 'test_result_base': None}
[0.254s] Level 5:colcon.colcon_core.verb:set package 'gazebo_msgs' build argument 'cmake_args' from command line to 'None'
[0.254s] Level 5:colcon.colcon_core.verb:set package 'gazebo_msgs' build argument 'cmake_target' from command line to 'None'
[0.254s] Level 5:colcon.colcon_core.verb:set package 'gazebo_msgs' build argument 'cmake_target_skip_unavailable' from command line to 'False'
[0.254s] Level 5:colcon.colcon_core.verb:set package 'gazebo_msgs' build argument 'cmake_clean_cache' from command line to 'False'
[0.254s] Level 5:colcon.colcon_core.verb:set package 'gazebo_msgs' build argument 'cmake_clean_first' from command line to 'False'
[0.254s] Level 5:colcon.colcon_core.verb:set package 'gazebo_msgs' build argument 'cmake_force_configure' from command line to 'False'
[0.254s] Level 5:colcon.colcon_core.verb:set package 'gazebo_msgs' build argument 'ament_cmake_args' from command line to 'None'
[0.254s] Level 5:colcon.colcon_core.verb:set package 'gazebo_msgs' build argument 'catkin_cmake_args' from command line to 'None'
[0.254s] Level 5:colcon.colcon_core.verb:set package 'gazebo_msgs' build argument 'catkin_skip_building_tests' from command line to 'False'
[0.254s] DEBUG:colcon.colcon_core.verb:Building package 'gazebo_msgs' with the following arguments: {'ament_cmake_args': None, 'build_base': '/home/ahmrrzz/tubes_sekuro_ws/build/gazebo_msgs', 'catkin_cmake_args': None, 'catkin_skip_building_tests': False, 'cmake_args': None, 'cmake_clean_cache': False, 'cmake_clean_first': False, 'cmake_force_configure': False, 'cmake_target': None, 'cmake_target_skip_unavailable': False, 'install_base': '/home/ahmrrzz/tubes_sekuro_ws/install/gazebo_msgs', 'merge_install': False, 'path': '/home/ahmrrzz/tubes_sekuro_ws/src/gazebo_ros_pkgs/gazebo_msgs', 'symlink_install': True, 'test_result_base': None}
[0.254s] Level 5:colcon.colcon_core.verb:set package 'slam_toolbox' build argument 'cmake_args' from command line to 'None'
[0.254s] Level 5:colcon.colcon_core.verb:set package 'slam_toolbox' build argument 'cmake_target' from command line to 'None'
[0.254s] Level 5:colcon.colcon_core.verb:set package 'slam_toolbox' build argument 'cmake_target_skip_unavailable' from command line to 'False'
[0.254s] Level 5:colcon.colcon_core.verb:set package 'slam_toolbox' build argument 'cmake_clean_cache' from command line to 'False'
[0.254s] Level 5:colcon.colcon_core.verb:set package 'slam_toolbox' build argument 'cmake_clean_first' from command line to 'False'
[0.254s] Level 5:colcon.colcon_core.verb:set package 'slam_toolbox' build argument 'cmake_force_configure' from command line to 'False'
[0.254s] Level 5:colcon.colcon_core.verb:set package 'slam_toolbox' build argument 'ament_cmake_args' from command line to 'None'
[0.254s] Level 5:colcon.colcon_core.verb:set package 'slam_toolbox' build argument 'catkin_cmake_args' from command line to 'None'
[0.254s] Level 5:colcon.colcon_core.verb:set package 'slam_toolbox' build argument 'catkin_skip_building_tests' from command line to 'False'
[0.254s] DEBUG:colcon.colcon_core.verb:Building package 'slam_toolbox' with the following arguments: {'ament_cmake_args': None, 'build_base': '/home/ahmrrzz/tubes_sekuro_ws/build/slam_toolbox', 'catkin_cmake_args': None, 'catkin_skip_building_tests': False, 'cmake_args': None, 'cmake_clean_cache': False, 'cmake_clean_first': False, 'cmake_force_configure': False, 'cmake_target': None, 'cmake_target_skip_unavailable': False, 'install_base': '/home/ahmrrzz/tubes_sekuro_ws/install/slam_toolbox', 'merge_install': False, 'path': '/home/ahmrrzz/tubes_sekuro_ws/src/slam_toolbox', 'symlink_install': True, 'test_result_base': None}
[0.255s] Level 5:colcon.colcon_core.verb:set package 'gazebo_ros' build argument 'cmake_args' from command line to 'None'
[0.255s] Level 5:colcon.colcon_core.verb:set package 'gazebo_ros' build argument 'cmake_target' from command line to 'None'
[0.255s] Level 5:colcon.colcon_core.verb:set package 'gazebo_ros' build argument 'cmake_target_skip_unavailable' from command line to 'False'
[0.255s] Level 5:colcon.colcon_core.verb:set package 'gazebo_ros' build argument 'cmake_clean_cache' from command line to 'False'
[0.255s] Level 5:colcon.colcon_core.verb:set package 'gazebo_ros' build argument 'cmake_clean_first' from command line to 'False'
[0.255s] Level 5:colcon.colcon_core.verb:set package 'gazebo_ros' build argument 'cmake_force_configure' from command line to 'False'
[0.255s] Level 5:colcon.colcon_core.verb:set package 'gazebo_ros' build argument 'ament_cmake_args' from command line to 'None'
[0.255s] Level 5:colcon.colcon_core.verb:set package 'gazebo_ros' build argument 'catkin_cmake_args' from command line to 'None'
[0.255s] Level 5:colcon.colcon_core.verb:set package 'gazebo_ros' build argument 'catkin_skip_building_tests' from command line to 'False'
[0.255s] DEBUG:colcon.colcon_core.verb:Building package 'gazebo_ros' with the following arguments: {'ament_cmake_args': None, 'build_base': '/home/ahmrrzz/tubes_sekuro_ws/build/gazebo_ros', 'catkin_cmake_args': None, 'catkin_skip_building_tests': False, 'cmake_args': None, 'cmake_clean_cache': False, 'cmake_clean_first': False, 'cmake_force_configure': False, 'cmake_target': None, 'cmake_target_skip_unavailable': False, 'install_base': '/home/ahmrrzz/tubes_sekuro_ws/install/gazebo_ros', 'merge_install': False, 'path': '/home/ahmrrzz/tubes_sekuro_ws/src/gazebo_ros_pkgs/gazebo_ros', 'symlink_install': True, 'test_result_base': None}
[0.255s] Level 5:colcon.colcon_core.verb:set package 'gazebo_plugins' build argument 'cmake_args' from command line to 'None'
[0.255s] Level 5:colcon.colcon_core.verb:set package 'gazebo_plugins' build argument 'cmake_target' from command line to 'None'
[0.255s] Level 5:colcon.colcon_core.verb:set package 'gazebo_plugins' build argument 'cmake_target_skip_unavailable' from command line to 'False'
[0.255s] Level 5:colcon.colcon_core.verb:set package 'gazebo_plugins' build argument 'cmake_clean_cache' from command line to 'False'
[0.255s] Level 5:colcon.colcon_core.verb:set package 'gazebo_plugins' build argument 'cmake_clean_first' from command line to 'False'
[0.255s] Level 5:colcon.colcon_core.verb:set package 'gazebo_plugins' build argument 'cmake_force_configure' from command line to 'False'
[0.255s] Level 5:colcon.colcon_core.verb:set package 'gazebo_plugins' build argument 'ament_cmake_args' from command line to 'None'
[0.255s] Level 5:colcon.colcon_core.verb:set package 'gazebo_plugins' build argument 'catkin_cmake_args' from command line to 'None'
[0.255s] Level 5:colcon.colcon_core.verb:set package 'gazebo_plugins' build argument 'catkin_skip_building_tests' from command line to 'False'
[0.255s] DEBUG:colcon.colcon_core.verb:Building package 'gazebo_plugins' with the following arguments: {'ament_cmake_args': None, 'build_base': '/home/ahmrrzz/tubes_sekuro_ws/build/gazebo_plugins', 'catkin_cmake_args': None, 'catkin_skip_building_tests': False, 'cmake_args': None, 'cmake_clean_cache': False, 'cmake_clean_first': False, 'cmake_force_configure': False, 'cmake_target': None, 'cmake_target_skip_unavailable': False, 'install_base': '/home/ahmrrzz/tubes_sekuro_ws/install/gazebo_plugins', 'merge_install': False, 'path': '/home/ahmrrzz/tubes_sekuro_ws/src/gazebo_ros_pkgs/gazebo_plugins', 'symlink_install': True, 'test_result_base': None}
[0.256s] Level 5:colcon.colcon_core.verb:set package 'gazebo_ros_control' build argument 'cmake_args' from command line to 'None'
[0.256s] Level 5:colcon.colcon_core.verb:set package 'gazebo_ros_control' build argument 'cmake_target' from command line to 'None'
[0.256s] Level 5:colcon.colcon_core.verb:set package 'gazebo_ros_control' build argument 'cmake_target_skip_unavailable' from command line to 'False'
[0.256s] Level 5:colcon.colcon_core.verb:set package 'gazebo_ros_control' build argument 'cmake_clean_cache' from command line to 'False'
[0.256s] Level 5:colcon.colcon_core.verb:set package 'gazebo_ros_control' build argument 'cmake_clean_first' from command line to 'False'
[0.256s] Level 5:colcon.colcon_core.verb:set package 'gazebo_ros_control' build argument 'cmake_force_configure' from command line to 'False'
[0.256s] Level 5:colcon.colcon_core.verb:set package 'gazebo_ros_control' build argument 'ament_cmake_args' from command line to 'None'
[0.256s] Level 5:colcon.colcon_core.verb:set package 'gazebo_ros_control' build argument 'catkin_cmake_args' from command line to 'None'
[0.256s] Level 5:colcon.colcon_core.verb:set package 'gazebo_ros_control' build argument 'catkin_skip_building_tests' from command line to 'False'
[0.256s] DEBUG:colcon.colcon_core.verb:Building package 'gazebo_ros_control' with the following arguments: {'ament_cmake_args': None, 'build_base': '/home/ahmrrzz/tubes_sekuro_ws/build/gazebo_ros_control', 'catkin_cmake_args': None, 'catkin_skip_building_tests': False, 'cmake_args': None, 'cmake_clean_cache': False, 'cmake_clean_first': False, 'cmake_force_configure': False, 'cmake_target': None, 'cmake_target_skip_unavailable': False, 'install_base': '/home/ahmrrzz/tubes_sekuro_ws/install/gazebo_ros_control', 'merge_install': False, 'path': '/home/ahmrrzz/tubes_sekuro_ws/src/gazebo_ros_pkgs/gazebo_ros_control', 'symlink_install': True, 'test_result_base': None}
[0.256s] Level 5:colcon.colcon_core.verb:set package 'my_robot' build argument 'cmake_args' from command line to 'None'
[0.256s] Level 5:colcon.colcon_core.verb:set package 'my_robot' build argument 'cmake_target' from command line to 'None'
[0.256s] Level 5:colcon.colcon_core.verb:set package 'my_robot' build argument 'cmake_target_skip_unavailable' from command line to 'False'
[0.256s] Level 5:colcon.colcon_core.verb:set package 'my_robot' build argument 'cmake_clean_cache' from command line to 'False'
[0.256s] Level 5:colcon.colcon_core.verb:set package 'my_robot' build argument 'cmake_clean_first' from command line to 'False'
[0.256s] Level 5:colcon.colcon_core.verb:set package 'my_robot' build argument 'cmake_force_configure' from command line to 'False'
[0.256s] Level 5:colcon.colcon_core.verb:set package 'my_robot' build argument 'ament_cmake_args' from command line to 'None'
[0.256s] Level 5:colcon.colcon_core.verb:set package 'my_robot' build argument 'catkin_cmake_args' from command line to 'None'
[0.256s] Level 5:colcon.colcon_core.verb:set package 'my_robot' build argument 'catkin_skip_building_tests' from command line to 'False'
[0.256s] DEBUG:colcon.colcon_core.verb:Building package 'my_robot' with the following arguments: {'ament_cmake_args': None, 'build_base': '/home/ahmrrzz/tubes_sekuro_ws/build/my_robot', 'catkin_cmake_args': None, 'catkin_skip_building_tests': False, 'cmake_args': None, 'cmake_clean_cache': False, 'cmake_clean_first': False, 'cmake_force_configure': False, 'cmake_target': None, 'cmake_target_skip_unavailable': False, 'install_base': '/home/ahmrrzz/tubes_sekuro_ws/install/my_robot', 'merge_install': False, 'path': '/home/ahmrrzz/tubes_sekuro_ws/src/my_robot', 'symlink_install': True, 'test_result_base': None}
[0.256s] Level 5:colcon.colcon_core.verb:set package 'gazebo_ros_pkgs' build argument 'cmake_args' from command line to 'None'
[0.257s] Level 5:colcon.colcon_core.verb:set package 'gazebo_ros_pkgs' build argument 'cmake_target' from command line to 'None'
[0.257s] Level 5:colcon.colcon_core.verb:set package 'gazebo_ros_pkgs' build argument 'cmake_target_skip_unavailable' from command line to 'False'
[0.257s] Level 5:colcon.colcon_core.verb:set package 'gazebo_ros_pkgs' build argument 'cmake_clean_cache' from command line to 'False'
[0.257s] Level 5:colcon.colcon_core.verb:set package 'gazebo_ros_pkgs' build argument 'cmake_clean_first' from command line to 'False'
[0.257s] Level 5:colcon.colcon_core.verb:set package 'gazebo_ros_pkgs' build argument 'cmake_force_configure' from command line to 'False'
[0.257s] Level 5:colcon.colcon_core.verb:set package 'gazebo_ros_pkgs' build argument 'ament_cmake_args' from command line to 'None'
[0.257s] Level 5:colcon.colcon_core.verb:set package 'gazebo_ros_pkgs' build argument 'catkin_cmake_args' from command line to 'None'
[0.257s] Level 5:colcon.colcon_core.verb:set package 'gazebo_ros_pkgs' build argument 'catkin_skip_building_tests' from command line to 'False'
[0.257s] DEBUG:colcon.colcon_core.verb:Building package 'gazebo_ros_pkgs' with the following arguments: {'ament_cmake_args': None, 'build_base': '/home/ahmrrzz/tubes_sekuro_ws/build/gazebo_ros_pkgs', 'catkin_cmake_args': None, 'catkin_skip_building_tests': False, 'cmake_args': None, 'cmake_clean_cache': False, 'cmake_clean_first': False, 'cmake_force_configure': False, 'cmake_target': None, 'cmake_target_skip_unavailable': False, 'install_base': '/home/ahmrrzz/tubes_sekuro_ws/install/gazebo_ros_pkgs', 'merge_install': False, 'path': '/home/ahmrrzz/tubes_sekuro_ws/src/gazebo_ros_pkgs/gazebo_ros_pkgs', 'symlink_install': True, 'test_result_base': None}
[0.257s] INFO:colcon.colcon_core.executor:Executing jobs using 'parallel' executor
[0.258s] DEBUG:colcon.colcon_parallel_executor.executor.parallel:run_until_complete
[0.258s] INFO:colcon.colcon_ros.task.catkin.build:Building ROS package in '/home/ahmrrzz/tubes_sekuro_ws/src/gazebo_ros_pkgs/gazebo_dev' with build type 'catkin'
[0.258s] INFO:colcon.colcon_cmake.task.cmake.build:Building CMake package in '/home/ahmrrzz/tubes_sekuro_ws/src/gazebo_ros_pkgs/gazebo_dev'
[0.260s] INFO:colcon.colcon_core.plugin_system:Skipping extension 'colcon_core.shell.bat': Not used on non-Windows systems
[0.260s] INFO:colcon.colcon_core.shell:Skip shell extension 'powershell' for command environment: Not usable outside of PowerShell
[0.260s] DEBUG:colcon.colcon_core.shell:Skip shell extension 'dsv' for command environment
[0.264s] INFO:colcon.colcon_ros.task.catkin.build:Building ROS package in '/home/ahmrrzz/tubes_sekuro_ws/src/gazebo_ros_pkgs/gazebo_msgs' with build type 'catkin'
[0.264s] INFO:colcon.colcon_cmake.task.cmake.build:Building CMake package in '/home/ahmrrzz/tubes_sekuro_ws/src/gazebo_ros_pkgs/gazebo_msgs'
[0.265s] INFO:colcon.colcon_core.shell:Skip shell extension 'powershell' for command environment: Not usable outside of PowerShell
[0.265s] DEBUG:colcon.colcon_core.shell:Skip shell extension 'dsv' for command environment
[0.270s] INFO:colcon.colcon_ros.task.ament_cmake.build:Building ROS package in '/home/ahmrrzz/tubes_sekuro_ws/src/slam_toolbox' with build type 'ament_cmake'
[0.270s] INFO:colcon.colcon_cmake.task.cmake.build:Building CMake package in '/home/ahmrrzz/tubes_sekuro_ws/src/slam_toolbox'
[0.270s] INFO:colcon.colcon_core.shell:Skip shell extension 'powershell' for command environment: Not usable outside of PowerShell
[0.270s] DEBUG:colcon.colcon_core.shell:Skip shell extension 'dsv' for command environment
[0.277s] DEBUG:colcon.colcon_core.event_handler.log_command:Invoking command in '/home/ahmrrzz/tubes_sekuro_ws/build/gazebo_dev': DEBUGINFOD_URLS=https://debuginfod.ubuntu.com /usr/bin/cmake /home/ahmrrzz/tubes_sekuro_ws/src/gazebo_ros_pkgs/gazebo_dev -DCATKIN_INSTALL_INTO_PREFIX_ROOT=0 -DCATKIN_SYMLINK_INSTALL=ON -DCMAKE_INSTALL_PREFIX=/home/ahmrrzz/tubes_sekuro_ws/install/gazebo_dev
[0.278s] DEBUG:colcon.colcon_core.event_handler.log_command:Invoking command in '/home/ahmrrzz/tubes_sekuro_ws/build/gazebo_msgs': DEBUGINFOD_URLS=https://debuginfod.ubuntu.com /usr/bin/cmake /home/ahmrrzz/tubes_sekuro_ws/src/gazebo_ros_pkgs/gazebo_msgs -DCATKIN_INSTALL_INTO_PREFIX_ROOT=0 -DCATKIN_SYMLINK_INSTALL=ON -DCMAKE_INSTALL_PREFIX=/home/ahmrrzz/tubes_sekuro_ws/install/gazebo_msgs
[0.282s] DEBUG:colcon.colcon_core.event_handler.log_command:Invoking command in '/home/ahmrrzz/tubes_sekuro_ws/build/slam_toolbox': CMAKE_PREFIX_PATH=${CMAKE_PREFIX_PATH}:/home/ahmrrzz/tubes_sekuro_ws/install/my_robot:/opt/ros/jazzy DEBUGINFOD_URLS=https://debuginfod.ubuntu.com /usr/bin/cmake /home/ahmrrzz/tubes_sekuro_ws/src/slam_toolbox -DAMENT_CMAKE_SYMLINK_INSTALL=1 -DCMAKE_INSTALL_PREFIX=/home/ahmrrzz/tubes_sekuro_ws/install/slam_toolbox
[0.307s] DEBUG:colcon.colcon_core.event_handler.log_command:Invoked command in '/home/ahmrrzz/tubes_sekuro_ws/build/gazebo_dev' returned '1': DEBUGINFOD_URLS=https://debuginfod.ubuntu.com /usr/bin/cmake /home/ahmrrzz/tubes_sekuro_ws/src/gazebo_ros_pkgs/gazebo_dev -DCATKIN_INSTALL_INTO_PREFIX_ROOT=0 -DCATKIN_SYMLINK_INSTALL=ON -DCMAKE_INSTALL_PREFIX=/home/ahmrrzz/tubes_sekuro_ws/install/gazebo_dev
[0.308s] DEBUG:colcon.colcon_core.event_handler.log_command:Invoked command in '/home/ahmrrzz/tubes_sekuro_ws/build/gazebo_msgs' returned '1': DEBUGINFOD_URLS=https://debuginfod.ubuntu.com /usr/bin/cmake /home/ahmrrzz/tubes_sekuro_ws/src/gazebo_ros_pkgs/gazebo_msgs -DCATKIN_INSTALL_INTO_PREFIX_ROOT=0 -DCATKIN_SYMLINK_INSTALL=ON -DCMAKE_INSTALL_PREFIX=/home/ahmrrzz/tubes_sekuro_ws/install/gazebo_msgs
[0.318s] Level 1:colcon.colcon_core.environment:create_environment_scripts_only(gazebo_dev)
[0.320s] Level 1:colcon.colcon_core.environment:checking '/home/ahmrrzz/tubes_sekuro_ws/install/gazebo_dev' for CMake module files
[0.321s] Level 1:colcon.colcon_core.environment:checking '/home/ahmrrzz/tubes_sekuro_ws/install/gazebo_dev' for CMake config files
[0.321s] Level 1:colcon.colcon_core.environment:checking '/home/ahmrrzz/tubes_sekuro_ws/install/gazebo_dev/bin'
[0.321s] Level 1:colcon.colcon_core.environment:checking '/home/ahmrrzz/tubes_sekuro_ws/install/gazebo_dev/lib/pkgconfig/gazebo_dev.pc'
[0.321s] Level 1:colcon.colcon_core.environment:checking '/home/ahmrrzz/tubes_sekuro_ws/install/gazebo_dev/lib/python3.12/site-packages'
[0.322s] Level 1:colcon.colcon_core.environment:checking '/home/ahmrrzz/tubes_sekuro_ws/install/gazebo_dev/bin'
[0.322s] INFO:colcon.colcon_core.shell:Creating package script '/home/ahmrrzz/tubes_sekuro_ws/install/gazebo_dev/share/gazebo_dev/package.ps1'
[0.322s] INFO:colcon.colcon_core.shell:Creating package descriptor '/home/ahmrrzz/tubes_sekuro_ws/install/gazebo_dev/share/gazebo_dev/package.dsv'
[0.323s] INFO:colcon.colcon_core.shell:Creating package script '/home/ahmrrzz/tubes_sekuro_ws/install/gazebo_dev/share/gazebo_dev/package.sh'
[0.323s] INFO:colcon.colcon_core.shell:Creating package script '/home/ahmrrzz/tubes_sekuro_ws/install/gazebo_dev/share/gazebo_dev/package.bash'
[0.324s] INFO:colcon.colcon_core.shell:Creating package script '/home/ahmrrzz/tubes_sekuro_ws/install/gazebo_dev/share/gazebo_dev/package.zsh'
[0.324s] Level 1:colcon.colcon_core.environment:create_file_with_runtime_dependencies(/home/ahmrrzz/tubes_sekuro_ws/install/gazebo_dev/share/colcon-core/packages/gazebo_dev)
[1.669s] DEBUG:colcon.colcon_parallel_executor.executor.parallel:closing loop
[1.669s] DEBUG:colcon.colcon_parallel_executor.executor.parallel:loop closed
[1.670s] DEBUG:colcon.colcon_parallel_executor.executor.parallel:run_until_complete finished with '1'
[1.670s] DEBUG:colcon.colcon_core.event_reactor:joining thread
[1.675s] INFO:colcon.colcon_core.plugin_system:Skipping extension 'colcon_notification.desktop_notification.terminal_notifier': Not used on non-Darwin systems
[1.675s] INFO:colcon.colcon_core.plugin_system:Skipping extension 'colcon_notification.desktop_notification.win32': Not used on non-Windows systems
[1.675s] INFO:colcon.colcon_notification.desktop_notification:Sending desktop notification using 'notify2'
[1.690s] DEBUG:colcon.colcon_core.event_reactor:joined thread
[1.690s] INFO:colcon.colcon_core.shell:Creating prefix script '/home/ahmrrzz/tubes_sekuro_ws/install/local_setup.ps1'
[1.691s] INFO:colcon.colcon_core.shell:Creating prefix util module '/home/ahmrrzz/tubes_sekuro_ws/install/_local_setup_util_ps1.py'
[1.692s] INFO:colcon.colcon_core.shell:Creating prefix chain script '/home/ahmrrzz/tubes_sekuro_ws/install/setup.ps1'
[1.693s] INFO:colcon.colcon_core.shell:Creating prefix script '/home/ahmrrzz/tubes_sekuro_ws/install/local_setup.sh'
[1.694s] INFO:colcon.colcon_core.shell:Creating prefix util module '/home/ahmrrzz/tubes_sekuro_ws/install/_local_setup_util_sh.py'
[1.695s] INFO:colcon.colcon_core.shell:Creating prefix chain script '/home/ahmrrzz/tubes_sekuro_ws/install/setup.sh'
[1.696s] INFO:colcon.colcon_core.shell:Creating prefix script '/home/ahmrrzz/tubes_sekuro_ws/install/local_setup.bash'
[1.697s] INFO:colcon.colcon_core.shell:Creating prefix chain script '/home/ahmrrzz/tubes_sekuro_ws/install/setup.bash'
[1.698s] INFO:colcon.colcon_core.shell:Creating prefix script '/home/ahmrrzz/tubes_sekuro_ws/install/local_setup.zsh'
[1.698s] INFO:colcon.colcon_core.shell:Creating prefix chain script '/home/ahmrrzz/tubes_sekuro_ws/install/setup.zsh'
