[1.077s] Invoking command in '/home/ahmrrzz/tubes_sekuro_ws/src/my_robot': DEBUGINFOD_URLS=https://debuginfod.ubuntu.com PYTHONPATH=/home/ahmrrzz/tubes_sekuro_ws/build/my_robot/prefix_override:/usr/lib/python3/dist-packages/colcon_core/task/python/colcon_distutils_commands:/home/ahmrrzz/tubes_sekuro_ws/install/my_robot/lib/python3.12/site-packages:${PYTHONPATH} /usr/bin/python3 -W ignore:setup.py install is deprecated -W ignore:easy_install command is deprecated setup.py egg_info --egg-base ../../build/my_robot build --build-base /home/ahmrrzz/tubes_sekuro_ws/build/my_robot/build install --record /home/ahmrrzz/tubes_sekuro_ws/build/my_robot/install.log --single-version-externally-managed install_data
[1.375s] running egg_info
[1.396s] writing ../../build/my_robot/my_robot.egg-info/PKG-INFO
[1.396s] writing dependency_links to ../../build/my_robot/my_robot.egg-info/dependency_links.txt
[1.396s] writing entry points to ../../build/my_robot/my_robot.egg-info/entry_points.txt
[1.396s] writing requirements to ../../build/my_robot/my_robot.egg-info/requires.txt
[1.396s] writing top-level names to ../../build/my_robot/my_robot.egg-info/top_level.txt
[1.446s] reading manifest file '../../build/my_robot/my_robot.egg-info/SOURCES.txt'
[1.446s] writing manifest file '../../build/my_robot/my_robot.egg-info/SOURCES.txt'
[1.447s] running build
[1.447s] running build_py
[1.447s] copying my_robot/lidar_node.py -> /home/ahmrrzz/tubes_sekuro_ws/build/my_robot/build/lib/my_robot
[1.447s] running install
[1.454s] running install_lib
[1.476s] copying /home/ahmrrzz/tubes_sekuro_ws/build/my_robot/build/lib/my_robot/lidar_node.py -> /home/ahmrrzz/tubes_sekuro_ws/install/my_robot/lib/python3.12/site-packages/my_robot
[1.477s] byte-compiling /home/ahmrrzz/tubes_sekuro_ws/install/my_robot/lib/python3.12/site-packages/my_robot/lidar_node.py to lidar_node.cpython-312.pyc
[1.478s] running install_data
[1.478s] copying launch/launch.py -> /home/ahmrrzz/tubes_sekuro_ws/install/my_robot/share/my_robot/launch
[1.478s] running install_egg_info
[1.503s] removing '/home/ahmrrzz/tubes_sekuro_ws/install/my_robot/lib/python3.12/site-packages/my_robot-0.0.0-py3.12.egg-info' (and everything under it)
[1.504s] Copying ../../build/my_robot/my_robot.egg-info to /home/ahmrrzz/tubes_sekuro_ws/install/my_robot/lib/python3.12/site-packages/my_robot-0.0.0-py3.12.egg-info
[1.506s] running install_scripts
[1.652s] Installing camera_subscriber script to /home/ahmrrzz/tubes_sekuro_ws/install/my_robot/lib/my_robot
[1.653s] Installing image_processor script to /home/ahmrrzz/tubes_sekuro_ws/install/my_robot/lib/my_robot
[1.653s] Installing launch script to /home/ahmrrzz/tubes_sekuro_ws/install/my_robot/lib/my_robot
[1.653s] writing list of installed files to '/home/ahmrrzz/tubes_sekuro_ws/build/my_robot/install.log'
[1.691s] Invoked command in '/home/ahmrrzz/tubes_sekuro_ws/src/my_robot' returned '0': DEBUGINFOD_URLS=https://debuginfod.ubuntu.com PYTHONPATH=/home/ahmrrzz/tubes_sekuro_ws/build/my_robot/prefix_override:/usr/lib/python3/dist-packages/colcon_core/task/python/colcon_distutils_commands:/home/ahmrrzz/tubes_sekuro_ws/install/my_robot/lib/python3.12/site-packages:${PYTHONPATH} /usr/bin/python3 -W ignore:setup.py install is deprecated -W ignore:easy_install command is deprecated setup.py egg_info --egg-base ../../build/my_robot build --build-base /home/ahmrrzz/tubes_sekuro_ws/build/my_robot/build install --record /home/ahmrrzz/tubes_sekuro_ws/build/my_robot/install.log --single-version-externally-managed install_data
