[0.009s] Invoking command in '/home/ahmrrzz/tubes_sekuro_ws/build/gazebo_msgs': DEBUGINFOD_URLS=https://debuginfod.ubuntu.com /usr/bin/cmake /home/ahmrrzz/tubes_sekuro_ws/src/gazebo_ros_pkgs/gazebo_msgs -DCATKIN_INSTALL_INTO_PREFIX_ROOT=0 -DCMAKE_INSTALL_PREFIX=/home/ahmrrzz/tubes_sekuro_ws/install/gazebo_msgs
[0.016s] [0mCMake Deprecation Warning at CMakeLists.txt:1 (cmake_minimum_required):
[0.017s]   Compatibility with CMake < 3.5 will be removed from a future version of
[0.017s]   CMake.
[0.017s] 
[0.017s]   Update the VERSION argument <min> value or use a ...<max> suffix to tell
[0.017s]   CMake that the project does not need compatibility with older versions.
[0.017s] 
[0.017s] [0m
[0.034s] [31mCMake Error at CMakeLists.txt:4 (find_package):
[0.035s]   By not providing "Findcatkin.cmake" in CMAKE_MODULE_PATH this project has
[0.035s]   asked CMake to find a package configuration file provided by "catkin", but
[0.035s]   CMake did not find one.
[0.035s] 
[0.035s]   Could not find a package configuration file provided by "catkin" with any
[0.035s]   of the following names:
[0.035s] 
[0.035s]     catkinConfig.cmake
[0.035s]     catkin-config.cmake
[0.035s] 
[0.035s]   Add the installation prefix of "catkin" to CMAKE_PREFIX_PATH or set
[0.035s]   "catkin_DIR" to a directory containing one of the above files.  If "catkin"
[0.035s]   provides a separate development package or SDK, be sure it has been
[0.035s]   installed.
[0.035s] 
[0.035s] [0m
[0.036s] -- Configuring incomplete, errors occurred!
[0.037s] Invoked command in '/home/ahmrrzz/tubes_sekuro_ws/build/gazebo_msgs' returned '1': DEBUGINFOD_URLS=https://debuginfod.ubuntu.com /usr/bin/cmake /home/ahmrrzz/tubes_sekuro_ws/src/gazebo_ros_pkgs/gazebo_msgs -DCATKIN_INSTALL_INTO_PREFIX_ROOT=0 -DCMAKE_INSTALL_PREFIX=/home/ahmrrzz/tubes_sekuro_ws/install/gazebo_msgs
