[0.011s] Invoking command in '/home/ahmrrzz/tubes_sekuro_ws/build/slam_toolbox': CMAKE_PREFIX_PATH=${CMAKE_PREFIX_PATH}:/home/ahmrrzz/tubes_sekuro_ws/install/my_robot:/opt/ros/jazzy DEBUGINFOD_URLS=https://debuginfod.ubuntu.com /usr/bin/cmake /home/ahmrrzz/tubes_sekuro_ws/src/slam_toolbox -DAMENT_CMAKE_SYMLINK_INSTALL=1 -DCMAKE_INSTALL_PREFIX=/home/ahmrrzz/tubes_sekuro_ws/install/slam_toolbox
[0.063s] -- The C compiler identification is GNU 13.3.0
[0.114s] -- The CXX compiler identification is GNU 13.3.0
[0.127s] -- Detecting C compiler ABI info
[0.202s] -- Detecting C compiler ABI info - done
[0.211s] -- Check for working C compiler: /usr/bin/cc - skipped
[0.211s] -- Detecting C compile features
[0.211s] -- Detecting C compile features - done
[0.219s] -- Detecting CXX compiler ABI info
[0.305s] -- Detecting CXX compiler ABI info - done
[0.313s] -- Check for working CXX compiler: /usr/bin/c++ - skipped
[0.314s] -- Detecting CXX compile features
[0.314s] -- Detecting CXX compile features - done
[0.324s] -- Found ament_cmake: 2.5.2 (/opt/ros/jazzy/share/ament_cmake/cmake)
[0.487s] -- Found Python3: /usr/bin/python3 (found version "3.12.3") found components: Interpreter 
[0.563s] -- Override CMake install command with custom implementation using symlinks instead of copying resources
[0.595s] -- Found message_filters: 4.11.2 (/opt/ros/jazzy/share/message_filters/cmake)
[0.645s] -- Found rosidl_generator_c: 4.6.4 (/opt/ros/jazzy/share/rosidl_generator_c/cmake)
[0.659s] -- Found rosidl_generator_cpp: 4.6.4 (/opt/ros/jazzy/share/rosidl_generator_cpp/cmake)
[0.680s] -- Using all available rosidl_typesupport_c: rosidl_typesupport_fastrtps_c;rosidl_typesupport_introspection_c
[0.700s] -- Using all available rosidl_typesupport_cpp: rosidl_typesupport_fastrtps_cpp;rosidl_typesupport_introspection_cpp
[0.786s] -- Found rmw_implementation_cmake: 7.3.1 (/opt/ros/jazzy/share/rmw_implementation_cmake/cmake)
[0.790s] -- Found rmw_fastrtps_cpp: 8.4.1 (/opt/ros/jazzy/share/rmw_fastrtps_cpp/cmake)
[0.874s] -- Found OpenSSL: /usr/lib/x86_64-linux-gnu/libcrypto.so (found version "3.0.13")  
[0.896s] -- Found FastRTPS: /opt/ros/jazzy/include (Required is at least version "2.13") 
[0.919s] -- Using RMW implementation 'rmw_fastrtps_cpp' as default
[1.019s] -- Found nav_msgs: 5.3.5 (/opt/ros/jazzy/share/nav_msgs/cmake)
[1.070s] -- Found sensor_msgs: 5.3.5 (/opt/ros/jazzy/share/sensor_msgs/cmake)
[1.102s] -- Found tf2: 0.36.4 (/opt/ros/jazzy/share/tf2/cmake)
[1.107s] -- Found tf2_ros: 0.36.4 (/opt/ros/jazzy/share/tf2_ros/cmake)
[1.243s] -- Found visualization_msgs: 5.3.5 (/opt/ros/jazzy/share/visualization_msgs/cmake)
[1.275s] -- Found pluginlib: 5.4.2 (/opt/ros/jazzy/share/pluginlib/cmake)
[1.281s] -- Found tf2_geometry_msgs: 0.36.4 (/opt/ros/jazzy/share/tf2_geometry_msgs/cmake)
[1.297s] -- Found eigen3_cmake_module: 0.3.0 (/opt/ros/jazzy/share/eigen3_cmake_module/cmake)
[1.298s] -- Found Eigen3: TRUE (found version "3.4.0") 
[1.299s] -- Ensuring Eigen3 include directory is part of orocos-kdl CMake target
[1.302s] -- Found tf2_sensor_msgs: 0.36.4 (/opt/ros/jazzy/share/tf2_sensor_msgs/cmake)
[1.309s] -- Found std_srvs: 5.3.5 (/opt/ros/jazzy/share/std_srvs/cmake)
[1.330s] -- Found rosidl_default_generators: 1.6.0 (/opt/ros/jazzy/share/rosidl_default_generators/cmake)
[1.345s] -- Found rosidl_adapter: 4.6.4 (/opt/ros/jazzy/share/rosidl_adapter/cmake)
[1.350s] -- Found lifecycle_msgs: 2.0.2 (/opt/ros/jazzy/share/lifecycle_msgs/cmake)
[1.379s] [31mCMake Error at CMakeLists.txt:29 (find_package):
[1.379s]   By not providing "Findbondcpp.cmake" in CMAKE_MODULE_PATH this project has
[1.379s]   asked CMake to find a package configuration file provided by "bondcpp", but
[1.380s]   CMake did not find one.
[1.380s] 
[1.380s]   Could not find a package configuration file provided by "bondcpp" with any
[1.380s]   of the following names:
[1.380s] 
[1.380s]     bondcppConfig.cmake
[1.380s]     bondcpp-config.cmake
[1.380s] 
[1.380s]   Add the installation prefix of "bondcpp" to CMAKE_PREFIX_PATH or set
[1.381s]   "bondcpp_DIR" to a directory containing one of the above files.  If
[1.381s]   "bondcpp" provides a separate development package or SDK, be sure it has
[1.381s]   been installed.
[1.381s] 
[1.381s] [0m
[1.381s] -- Configuring incomplete, errors occurred!
