[0.017s] Invoking command in '/home/ahmrrzz/tubes_sekuro_ws/build/slam_toolbox': CMAKE_PREFIX_PATH=${CMAKE_PREFIX_PATH}:/opt/ros/jazzy DEBUGINFOD_URLS=https://debuginfod.ubuntu.com /usr/bin/cmake /home/ahmrrzz/tubes_sekuro_ws/src/slam_toolbox -DAMENT_CMAKE_SYMLINK_INSTALL=1 -DCMAKE_INSTALL_PREFIX=/home/ahmrrzz/tubes_sekuro_ws/install/slam_toolbox
[0.038s] -- Found ament_cmake: 2.5.2 (/opt/ros/jazzy/share/ament_cmake/cmake)
[0.415s] -- Override CMake install command with custom implementation using symlinks instead of copying resources
[0.425s] -- Found message_filters: 4.11.2 (/opt/ros/jazzy/share/message_filters/cmake)
[0.469s] -- Found rosidl_generator_c: 4.6.4 (/opt/ros/jazzy/share/rosidl_generator_c/cmake)
[0.482s] -- Found rosidl_generator_cpp: 4.6.4 (/opt/ros/jazzy/share/rosidl_generator_cpp/cmake)
[0.500s] -- Using all available rosidl_typesupport_c: rosidl_typesupport_fastrtps_c;rosidl_typesupport_introspection_c
[0.521s] -- Using all available rosidl_typesupport_cpp: rosidl_typesupport_fastrtps_cpp;rosidl_typesupport_introspection_cpp
[0.612s] -- Found rmw_implementation_cmake: 7.3.1 (/opt/ros/jazzy/share/rmw_implementation_cmake/cmake)
[0.613s] -- Found rmw_fastrtps_cpp: 8.4.1 (/opt/ros/jazzy/share/rmw_fastrtps_cpp/cmake)
[0.711s] -- Using RMW implementation 'rmw_fastrtps_cpp' as default
[0.839s] -- Found nav_msgs: 5.3.5 (/opt/ros/jazzy/share/nav_msgs/cmake)
[0.900s] -- Found sensor_msgs: 5.3.5 (/opt/ros/jazzy/share/sensor_msgs/cmake)
[0.934s] -- Found tf2: 0.36.4 (/opt/ros/jazzy/share/tf2/cmake)
[0.942s] -- Found tf2_ros: 0.36.4 (/opt/ros/jazzy/share/tf2_ros/cmake)
[1.101s] -- Found visualization_msgs: 5.3.5 (/opt/ros/jazzy/share/visualization_msgs/cmake)
[1.146s] -- Found pluginlib: 5.4.2 (/opt/ros/jazzy/share/pluginlib/cmake)
[1.149s] -- Found tf2_geometry_msgs: 0.36.4 (/opt/ros/jazzy/share/tf2_geometry_msgs/cmake)
[1.153s] -- Found eigen3_cmake_module: 0.3.0 (/opt/ros/jazzy/share/eigen3_cmake_module/cmake)
[1.156s] -- Ensuring Eigen3 include directory is part of orocos-kdl CMake target
[1.160s] -- Found tf2_sensor_msgs: 0.36.4 (/opt/ros/jazzy/share/tf2_sensor_msgs/cmake)
[1.164s] -- Found std_srvs: 5.3.5 (/opt/ros/jazzy/share/std_srvs/cmake)
[1.187s] -- Found rosidl_default_generators: 1.6.0 (/opt/ros/jazzy/share/rosidl_default_generators/cmake)
[1.202s] -- Found rosidl_adapter: 4.6.4 (/opt/ros/jazzy/share/rosidl_adapter/cmake)
[1.204s] -- Found lifecycle_msgs: 2.0.2 (/opt/ros/jazzy/share/lifecycle_msgs/cmake)
[1.243s] [31mCMake Error at CMakeLists.txt:29 (find_package):
[1.243s]   By not providing "Findbondcpp.cmake" in CMAKE_MODULE_PATH this project has
[1.243s]   asked CMake to find a package configuration file provided by "bondcpp", but
[1.243s]   CMake did not find one.
[1.243s] 
[1.244s]   Could not find a package configuration file provided by "bondcpp" with any
[1.244s]   of the following names:
[1.244s] 
[1.244s]     bondcppConfig.cmake
[1.244s]     bondcpp-config.cmake
[1.244s] 
[1.244s]   Add the installation prefix of "bondcpp" to CMAKE_PREFIX_PATH or set
[1.244s]   "bondcpp_DIR" to a directory containing one of the above files.  If
[1.244s]   "bondcpp" provides a separate development package or SDK, be sure it has
[1.244s]   been installed.
[1.244s] 
[1.244s] [0m
[1.245s] -- Configuring incomplete, errors occurred!
