[0.009s] Invoking command in '/home/ahmrrzz/tubes_sekuro_ws/build/gazebo_msgs': DEBUGINFOD_URLS=https://debuginfod.ubuntu.com /usr/bin/cmake /home/ahmrrzz/tubes_sekuro_ws/src/gazebo_ros_pkgs/gazebo_msgs -DCATKIN_INSTALL_INTO_PREFIX_ROOT=0 -DCATKIN_SYMLINK_INSTALL=ON -DCMAKE_INSTALL_PREFIX=/home/ahmrrzz/tubes_sekuro_ws/install/gazebo_msgs
[0.035s] [0mCMake Deprecation Warning at CMakeLists.txt:1 (cmake_minimum_required):
[0.035s]   Compatibility with CMake < 3.5 will be removed from a future version of
[0.035s]   CMake.
[0.035s] 
[0.035s]   Update the VERSION argument <min> value or use a ...<max> suffix to tell
[0.035s]   CMake that the project does not need compatibility with older versions.
[0.036s] 
[0.036s] [0m
[0.165s] -- The C compiler identification is GNU 13.3.0
[0.279s] -- The CXX compiler identification is GNU 13.3.0
[0.304s] -- Detecting C compiler ABI info
[0.387s] -- Detecting C compiler ABI info - done
[0.398s] -- Check for working C compiler: /usr/bin/cc - skipped
[0.398s] -- Detecting C compile features
[0.399s] -- Detecting C compile features - done
[0.411s] -- Detecting CXX compiler ABI info
[0.501s] -- Detecting CXX compiler ABI info - done
[0.520s] -- Check for working CXX compiler: /usr/bin/c++ - skipped
[0.520s] -- Detecting CXX compile features
[0.521s] -- Detecting CXX compile features - done
[0.546s] [31mCMake Error at CMakeLists.txt:4 (find_package):
[0.546s]   By not providing "Findcatkin.cmake" in CMAKE_MODULE_PATH this project has
[0.547s]   asked CMake to find a package configuration file provided by "catkin", but
[0.547s]   CMake did not find one.
[0.547s] 
[0.547s]   Could not find a package configuration file provided by "catkin" with any
[0.547s]   of the following names:
[0.547s] 
[0.547s]     catkinConfig.cmake
[0.547s]     catkin-config.cmake
[0.547s] 
[0.547s]   Add the installation prefix of "catkin" to CMAKE_PREFIX_PATH or set
[0.547s]   "catkin_DIR" to a directory containing one of the above files.  If "catkin"
[0.547s]   provides a separate development package or SDK, be sure it has been
[0.547s]   installed.
[0.547s] 
[0.548s] [0m
[0.549s] -- Configuring incomplete, errors occurred!
[0.550s] Invoked command in '/home/ahmrrzz/tubes_sekuro_ws/build/gazebo_msgs' returned '1': DEBUGINFOD_URLS=https://debuginfod.ubuntu.com /usr/bin/cmake /home/ahmrrzz/tubes_sekuro_ws/src/gazebo_ros_pkgs/gazebo_msgs -DCATKIN_INSTALL_INTO_PREFIX_ROOT=0 -DCATKIN_SYMLINK_INSTALL=ON -DCMAKE_INSTALL_PREFIX=/home/ahmrrzz/tubes_sekuro_ws/install/gazebo_msgs
