[0.787s] Invoking command in '/home/ahmrrzz/tubes_sekuro_ws/build/my_robot': DEBUGINFOD_URLS=https://debuginfod.ubuntu.com PYTHONPATH=/home/ahmrrzz/tubes_sekuro_ws/build/my_robot/prefix_override:/usr/lib/python3/dist-packages/colcon_core/task/python/colcon_distutils_commands:/home/ahmrrzz/tubes_sekuro_ws/install/my_robot/lib/python3.12/site-packages:${PYTHONPATH} /usr/bin/python3 -W ignore:setup.py install is deprecated -W ignore:easy_install command is deprecated setup.py develop --uninstall --editable --build-directory /home/ahmrrzz/tubes_sekuro_ws/build/my_robot/build
[1.079s] running develop
[1.271s] Removing /home/ahmrrzz/tubes_sekuro_ws/install/my_robot/lib/python3.12/site-packages/my-robot.egg-link (link to .)
[1.300s] Invoked command in '/home/ahmrrzz/tubes_sekuro_ws/build/my_robot' returned '0': DEBUGINFOD_URLS=https://debuginfod.ubuntu.com PYTHONPATH=/home/ahmrrzz/tubes_sekuro_ws/build/my_robot/prefix_override:/usr/lib/python3/dist-packages/colcon_core/task/python/colcon_distutils_commands:/home/ahmrrzz/tubes_sekuro_ws/install/my_robot/lib/python3.12/site-packages:${PYTHONPATH} /usr/bin/python3 -W ignore:setup.py install is deprecated -W ignore:easy_install command is deprecated setup.py develop --uninstall --editable --build-directory /home/ahmrrzz/tubes_sekuro_ws/build/my_robot/build
[1.301s] Invoking command in '/home/ahmrrzz/tubes_sekuro_ws/src/my_robot': DEBUGINFOD_URLS=https://debuginfod.ubuntu.com PYTHONPATH=/home/ahmrrzz/tubes_sekuro_ws/build/my_robot/prefix_override:/usr/lib/python3/dist-packages/colcon_core/task/python/colcon_distutils_commands:/home/ahmrrzz/tubes_sekuro_ws/install/my_robot/lib/python3.12/site-packages:${PYTHONPATH} /usr/bin/python3 -W ignore:setup.py install is deprecated -W ignore:easy_install command is deprecated setup.py egg_info --egg-base ../../build/my_robot build --build-base /home/ahmrrzz/tubes_sekuro_ws/build/my_robot/build install --record /home/ahmrrzz/tubes_sekuro_ws/build/my_robot/install.log --single-version-externally-managed install_data --force
[1.555s] running egg_info
[1.573s] writing ../../build/my_robot/my_robot.egg-info/PKG-INFO
[1.573s] writing dependency_links to ../../build/my_robot/my_robot.egg-info/dependency_links.txt
[1.574s] writing entry points to ../../build/my_robot/my_robot.egg-info/entry_points.txt
[1.574s] writing requirements to ../../build/my_robot/my_robot.egg-info/requires.txt
[1.574s] writing top-level names to ../../build/my_robot/my_robot.egg-info/top_level.txt
[1.614s] reading manifest file '../../build/my_robot/my_robot.egg-info/SOURCES.txt'
[1.615s] writing manifest file '../../build/my_robot/my_robot.egg-info/SOURCES.txt'
[1.615s] running build
[1.616s] running build_py
[1.616s] running install
[1.622s] running install_lib
[1.641s] creating /home/ahmrrzz/tubes_sekuro_ws/install/my_robot/lib/python3.12/site-packages/my_robot
[1.642s] copying /home/ahmrrzz/tubes_sekuro_ws/build/my_robot/build/lib/my_robot/__init__.py -> /home/ahmrrzz/tubes_sekuro_ws/install/my_robot/lib/python3.12/site-packages/my_robot
[1.642s] byte-compiling /home/ahmrrzz/tubes_sekuro_ws/install/my_robot/lib/python3.12/site-packages/my_robot/__init__.py to __init__.cpython-312.pyc
[1.642s] running install_data
[1.643s] copying resource/my_robot -> /home/ahmrrzz/tubes_sekuro_ws/install/my_robot/share/ament_index/resource_index/packages
[1.643s] copying package.xml -> /home/ahmrrzz/tubes_sekuro_ws/install/my_robot/share/my_robot
[1.643s] running install_egg_info
[1.662s] Copying ../../build/my_robot/my_robot.egg-info to /home/ahmrrzz/tubes_sekuro_ws/install/my_robot/lib/python3.12/site-packages/my_robot-0.0.0-py3.12.egg-info
[1.663s] running install_scripts
[1.784s] Installing image_processor script to /home/ahmrrzz/tubes_sekuro_ws/install/my_robot/lib/my_robot
[1.784s] writing list of installed files to '/home/ahmrrzz/tubes_sekuro_ws/build/my_robot/install.log'
[1.813s] Invoked command in '/home/ahmrrzz/tubes_sekuro_ws/src/my_robot' returned '0': DEBUGINFOD_URLS=https://debuginfod.ubuntu.com PYTHONPATH=/home/ahmrrzz/tubes_sekuro_ws/build/my_robot/prefix_override:/usr/lib/python3/dist-packages/colcon_core/task/python/colcon_distutils_commands:/home/ahmrrzz/tubes_sekuro_ws/install/my_robot/lib/python3.12/site-packages:${PYTHONPATH} /usr/bin/python3 -W ignore:setup.py install is deprecated -W ignore:easy_install command is deprecated setup.py egg_info --egg-base ../../build/my_robot build --build-base /home/ahmrrzz/tubes_sekuro_ws/build/my_robot/build install --record /home/ahmrrzz/tubes_sekuro_ws/build/my_robot/install.log --single-version-externally-managed install_data --force
