[0.008s] Invoking command in '/home/ahmrrzz/tubes_sekuro_ws/build/gazebo_ros': AMENT_PREFIX_PATH=/home/ahmrrzz/tubes_sekuro_ws/install/gazebo_msgs:/home/ahmrrzz/tubes_sekuro_ws/install/gazebo_dev:${AMENT_PREFIX_PATH} CMAKE_PREFIX_PATH=/home/ahmrrzz/tubes_sekuro_ws/install/my_robot:/opt/ros/jazzy:/home/ahmrrzz/tubes_sekuro_ws/install/gazebo_msgs:/home/ahmrrzz/tubes_sekuro_ws/install/gazebo_dev:${CMAKE_PREFIX_PATH} DEBUGINFOD_URLS=https://debuginfod.ubuntu.com LD_LIBRARY_PATH=/home/ahmrrzz/tubes_sekuro_ws/install/gazebo_msgs/lib:${LD_LIBRARY_PATH} PYTHONPATH=/home/ahmrrzz/tubes_sekuro_ws/install/gazebo_msgs/lib/python3.12/site-packages:${PYTHONPATH} /usr/bin/cmake /home/ahmrrzz/tubes_sekuro_ws/src/gazebo_ros_pkgs/gazebo_ros -DCMAKE_INSTALL_PREFIX=/home/ahmrrzz/tubes_sekuro_ws/install/gazebo_ros
[0.057s] -- The C compiler identification is GNU 13.3.0
[0.112s] -- The CXX compiler identification is GNU 13.3.0
[0.125s] -- Detecting C compiler ABI info
[0.211s] -- Detecting C compiler ABI info - done
[0.219s] -- Check for working C compiler: /usr/bin/cc - skipped
[0.220s] -- Detecting C compile features
[0.220s] -- Detecting C compile features - done
[0.228s] -- Detecting CXX compiler ABI info
[0.352s] -- Detecting CXX compiler ABI info - done
[0.361s] -- Check for working CXX compiler: /usr/bin/c++ - skipped
[0.361s] -- Detecting CXX compile features
[0.361s] -- Detecting CXX compile features - done
[0.363s] -- Found ament_cmake: 2.5.2 (/opt/ros/jazzy/share/ament_cmake/cmake)
[0.501s] -- Found Python3: /usr/bin/python3 (found version "3.12.3") found components: Interpreter 
[0.605s] -- Found builtin_interfaces: 2.0.2 (/opt/ros/jazzy/share/builtin_interfaces/cmake)
[0.637s] -- Found rosidl_generator_c: 4.6.4 (/opt/ros/jazzy/share/rosidl_generator_c/cmake)
[0.649s] -- Found rosidl_generator_cpp: 4.6.4 (/opt/ros/jazzy/share/rosidl_generator_cpp/cmake)
[0.662s] -- Using all available rosidl_typesupport_c: rosidl_typesupport_fastrtps_c;rosidl_typesupport_introspection_c
[0.678s] -- Using all available rosidl_typesupport_cpp: rosidl_typesupport_fastrtps_cpp;rosidl_typesupport_introspection_cpp
[0.695s] -- Found gazebo_dev: 3.8.0 (/home/ahmrrzz/tubes_sekuro_ws/install/gazebo_dev/share/gazebo_dev/cmake)
[0.705s] [31mCMake Error at /home/ahmrrzz/tubes_sekuro_ws/install/gazebo_dev/share/gazebo_dev/cmake/gazebo_dev-extras.cmake:3 (find_package):
[0.706s]   By not providing "Findgazebo.cmake" in CMAKE_MODULE_PATH this project has
[0.706s]   asked CMake to find a package configuration file provided by "gazebo", but
[0.706s]   CMake did not find one.
[0.706s] 
[0.706s]   Could not find a package configuration file provided by "gazebo" with any
[0.706s]   of the following names:
[0.706s] 
[0.706s]     gazeboConfig.cmake
[0.706s]     gazebo-config.cmake
[0.706s] 
[0.706s]   Add the installation prefix of "gazebo" to CMAKE_PREFIX_PATH or set
[0.706s]   "gazebo_DIR" to a directory containing one of the above files.  If "gazebo"
[0.706s]   provides a separate development package or SDK, be sure it has been
[0.706s]   installed.
[0.706s] Call Stack (most recent call first):
[0.706s]   /home/ahmrrzz/tubes_sekuro_ws/install/gazebo_dev/share/gazebo_dev/cmake/gazebo_devConfig.cmake:41 (include)
[0.707s]   CMakeLists.txt:26 (find_package)
[0.707s] 
[0.707s] [0m
[0.707s] -- Configuring incomplete, errors occurred!
[0.711s] Invoked command in '/home/ahmrrzz/tubes_sekuro_ws/build/gazebo_ros' returned '1': AMENT_PREFIX_PATH=/home/ahmrrzz/tubes_sekuro_ws/install/gazebo_msgs:/home/ahmrrzz/tubes_sekuro_ws/install/gazebo_dev:${AMENT_PREFIX_PATH} CMAKE_PREFIX_PATH=/home/ahmrrzz/tubes_sekuro_ws/install/my_robot:/opt/ros/jazzy:/home/ahmrrzz/tubes_sekuro_ws/install/gazebo_msgs:/home/ahmrrzz/tubes_sekuro_ws/install/gazebo_dev:${CMAKE_PREFIX_PATH} DEBUGINFOD_URLS=https://debuginfod.ubuntu.com LD_LIBRARY_PATH=/home/ahmrrzz/tubes_sekuro_ws/install/gazebo_msgs/lib:${LD_LIBRARY_PATH} PYTHONPATH=/home/ahmrrzz/tubes_sekuro_ws/install/gazebo_msgs/lib/python3.12/site-packages:${PYTHONPATH} /usr/bin/cmake /home/ahmrrzz/tubes_sekuro_ws/src/gazebo_ros_pkgs/gazebo_ros -DCMAKE_INSTALL_PREFIX=/home/ahmrrzz/tubes_sekuro_ws/install/gazebo_ros
