[0.766s] Invoking command in '/home/ahmrrzz/tubes_sekuro_ws/src/my_robot': DEBUGINFOD_URLS=https://debuginfod.ubuntu.com PYTHONPATH=/home/ahmrrzz/tubes_sekuro_ws/build/my_robot/prefix_override:/usr/lib/python3/dist-packages/colcon_core/task/python/colcon_distutils_commands:/home/ahmrrzz/tubes_sekuro_ws/install/my_robot/lib/python3.12/site-packages:${PYTHONPATH} /usr/bin/python3 -W ignore:setup.py install is deprecated -W ignore:easy_install command is deprecated setup.py egg_info --egg-base ../../build/my_robot build --build-base /home/ahmrrzz/tubes_sekuro_ws/build/my_robot/build install --record /home/ahmrrzz/tubes_sekuro_ws/build/my_robot/install.log --single-version-externally-managed install_data
[1.015s] running egg_info
[1.015s] creating ../../build/my_robot/my_robot.egg-info
[1.034s] writing ../../build/my_robot/my_robot.egg-info/PKG-INFO
[1.034s] writing dependency_links to ../../build/my_robot/my_robot.egg-info/dependency_links.txt
[1.034s] writing requirements to ../../build/my_robot/my_robot.egg-info/requires.txt
[1.034s] writing top-level names to ../../build/my_robot/my_robot.egg-info/top_level.txt
[1.034s] writing manifest file '../../build/my_robot/my_robot.egg-info/SOURCES.txt'
[1.071s] reading manifest file '../../build/my_robot/my_robot.egg-info/SOURCES.txt'
[1.071s] writing manifest file '../../build/my_robot/my_robot.egg-info/SOURCES.txt'
[1.071s] running build
[1.071s] running build_py
[1.071s] creating /home/ahmrrzz/tubes_sekuro_ws/build/my_robot/build
[1.072s] creating /home/ahmrrzz/tubes_sekuro_ws/build/my_robot/build/lib
[1.072s] creating /home/ahmrrzz/tubes_sekuro_ws/build/my_robot/build/lib/my_robot
[1.072s] copying my_robot/__init__.py -> /home/ahmrrzz/tubes_sekuro_ws/build/my_robot/build/lib/my_robot
[1.072s] running install
[1.078s] running install_lib
[1.096s] creating /home/ahmrrzz/tubes_sekuro_ws/install/my_robot/lib/python3.12/site-packages/my_robot
[1.096s] copying /home/ahmrrzz/tubes_sekuro_ws/build/my_robot/build/lib/my_robot/__init__.py -> /home/ahmrrzz/tubes_sekuro_ws/install/my_robot/lib/python3.12/site-packages/my_robot
[1.096s] byte-compiling /home/ahmrrzz/tubes_sekuro_ws/install/my_robot/lib/python3.12/site-packages/my_robot/__init__.py to __init__.cpython-312.pyc
[1.097s] running install_data
[1.097s] creating /home/ahmrrzz/tubes_sekuro_ws/install/my_robot/share/ament_index
[1.097s] creating /home/ahmrrzz/tubes_sekuro_ws/install/my_robot/share/ament_index/resource_index
[1.097s] creating /home/ahmrrzz/tubes_sekuro_ws/install/my_robot/share/ament_index/resource_index/packages
[1.097s] copying resource/my_robot -> /home/ahmrrzz/tubes_sekuro_ws/install/my_robot/share/ament_index/resource_index/packages
[1.097s] copying package.xml -> /home/ahmrrzz/tubes_sekuro_ws/install/my_robot/share/my_robot
[1.097s] running install_egg_info
[1.119s] Copying ../../build/my_robot/my_robot.egg-info to /home/ahmrrzz/tubes_sekuro_ws/install/my_robot/lib/python3.12/site-packages/my_robot-0.0.0-py3.12.egg-info
[1.120s] running install_scripts
[1.238s] writing list of installed files to '/home/ahmrrzz/tubes_sekuro_ws/build/my_robot/install.log'
[1.269s] Invoked command in '/home/ahmrrzz/tubes_sekuro_ws/src/my_robot' returned '0': DEBUGINFOD_URLS=https://debuginfod.ubuntu.com PYTHONPATH=/home/ahmrrzz/tubes_sekuro_ws/build/my_robot/prefix_override:/usr/lib/python3/dist-packages/colcon_core/task/python/colcon_distutils_commands:/home/ahmrrzz/tubes_sekuro_ws/install/my_robot/lib/python3.12/site-packages:${PYTHONPATH} /usr/bin/python3 -W ignore:setup.py install is deprecated -W ignore:easy_install command is deprecated setup.py egg_info --egg-base ../../build/my_robot build --build-base /home/ahmrrzz/tubes_sekuro_ws/build/my_robot/build install --record /home/ahmrrzz/tubes_sekuro_ws/build/my_robot/install.log --single-version-externally-managed install_data
